<?xml version='1.0' encoding='UTF-8'?>
<testsuite hostname="2205VN376" name="lab3.spark.SparkFoundationSpec" tests="1" errors="0" failures="0" skipped="0" time="14.448" timestamp="2026-08-10T10:50:42">
          <properties>
[...]
</properties>
          <testcase classname="lab3.spark.SparkFoundationSpec" name="Spark foundation should read, normalize, tokenize, profile, and capture execution evidence on local[2]" time="14.448">
                      
                    </testcase>
          <system-out><![CDATA[]]></system-out>
          <system-err><![CDATA[]]></system-err>
        </testsuite>